Linked: (/home/ziye01/xhAbb/devel/.private/yumi_hw/share/gennodejs/ros/yumi_hw/_index.js, /home/ziye01/xhAbb/devel/share/gennodejs/ros/yumi_hw/_index.js)
Linked: (/home/ziye01/xhAbb/devel/.private/yumi_hw/share/gennodejs/ros/yumi_hw/srv/_index.js, /home/ziye01/xhAbb/devel/share/gennodejs/ros/yumi_hw/srv/_index.js)
Linked: (/home/ziye01/xhAbb/devel/.private/yumi_hw/share/gennodejs/ros/yumi_hw/srv/YumiGrasp.js, /home/ziye01/xhAbb/devel/share/gennodejs/ros/yumi_hw/srv/YumiGrasp.js)
Linked: (/home/ziye01/xhAbb/devel/.private/yumi_hw/share/roseus/ros/yumi_hw/manifest.l, /home/ziye01/xhAbb/devel/share/roseus/ros/yumi_hw/manifest.l)
Linked: (/home/ziye01/xhAbb/devel/.private/yumi_hw/share/roseus/ros/yumi_hw/srv/YumiGrasp.l, /home/ziye01/xhAbb/devel/share/roseus/ros/yumi_hw/srv/YumiGrasp.l)
Linked: (/home/ziye01/xhAbb/devel/.private/yumi_hw/share/common-lisp/ros/yumi_hw/srv/_package.lisp, /home/ziye01/xhAbb/devel/share/common-lisp/ros/yumi_hw/srv/_package.lisp)
Linked: (/home/ziye01/xhAbb/devel/.private/yumi_hw/share/common-lisp/ros/yumi_hw/srv/YumiGrasp.lisp, /home/ziye01/xhAbb/devel/share/common-lisp/ros/yumi_hw/srv/YumiGrasp.lisp)
Linked: (/home/ziye01/xhAbb/devel/.private/yumi_hw/share/common-lisp/ros/yumi_hw/srv/_package_YumiGrasp.lisp, /home/ziye01/xhAbb/devel/share/common-lisp/ros/yumi_hw/srv/_package_YumiGrasp.lisp)
Linked: (/home/ziye01/xhAbb/devel/.private/yumi_hw/share/common-lisp/ros/yumi_hw/srv/yumi_hw-srv.asd, /home/ziye01/xhAbb/devel/share/common-lisp/ros/yumi_hw/srv/yumi_hw-srv.asd)
Linked: (/home/ziye01/xhAbb/devel/.private/yumi_hw/share/yumi_hw/cmake/yumi_hw-msg-extras.cmake, /home/ziye01/xhAbb/devel/share/yumi_hw/cmake/yumi_hw-msg-extras.cmake)
Linked: (/home/ziye01/xhAbb/devel/.private/yumi_hw/share/yumi_hw/cmake/yumi_hwConfig-version.cmake, /home/ziye01/xhAbb/devel/share/yumi_hw/cmake/yumi_hwConfig-version.cmake)
Linked: (/home/ziye01/xhAbb/devel/.private/yumi_hw/share/yumi_hw/cmake/yumi_hwConfig.cmake, /home/ziye01/xhAbb/devel/share/yumi_hw/cmake/yumi_hwConfig.cmake)
Linked: (/home/ziye01/xhAbb/devel/.private/yumi_hw/share/yumi_hw/cmake/yumi_hw-msg-paths.cmake, /home/ziye01/xhAbb/devel/share/yumi_hw/cmake/yumi_hw-msg-paths.cmake)
Linked: (/home/ziye01/xhAbb/devel/.private/yumi_hw/lib/libyumi_hw.so, /home/ziye01/xhAbb/devel/lib/libyumi_hw.so)
Linked: (/home/ziye01/xhAbb/devel/.private/yumi_hw/lib/pkgconfig/yumi_hw.pc, /home/ziye01/xhAbb/devel/lib/pkgconfig/yumi_hw.pc)
Linked: (/home/ziye01/xhAbb/devel/.private/yumi_hw/lib/python3/dist-packages/yumi_hw/__init__.py, /home/ziye01/xhAbb/devel/lib/python3/dist-packages/yumi_hw/__init__.py)
Linked: (/home/ziye01/xhAbb/devel/.private/yumi_hw/lib/python3/dist-packages/yumi_hw/srv/_YumiGrasp.py, /home/ziye01/xhAbb/devel/lib/python3/dist-packages/yumi_hw/srv/_YumiGrasp.py)
Linked: (/home/ziye01/xhAbb/devel/.private/yumi_hw/lib/python3/dist-packages/yumi_hw/srv/__init__.py, /home/ziye01/xhAbb/devel/lib/python3/dist-packages/yumi_hw/srv/__init__.py)
Linked: (/home/ziye01/xhAbb/devel/.private/yumi_hw/lib/yumi_hw/yumi_hw_ifce_node, /home/ziye01/xhAbb/devel/lib/yumi_hw/yumi_hw_ifce_node)
Linked: (/home/ziye01/xhAbb/devel/.private/yumi_hw/lib/yumi_hw/yumi_gripper_node, /home/ziye01/xhAbb/devel/lib/yumi_hw/yumi_gripper_node)
Linked: (/home/ziye01/xhAbb/devel/.private/yumi_hw/include/yumi_hw/YumiGraspRequest.h, /home/ziye01/xhAbb/devel/include/yumi_hw/YumiGraspRequest.h)
Linked: (/home/ziye01/xhAbb/devel/.private/yumi_hw/include/yumi_hw/YumiGrasp.h, /home/ziye01/xhAbb/devel/include/yumi_hw/YumiGrasp.h)
Linked: (/home/ziye01/xhAbb/devel/.private/yumi_hw/include/yumi_hw/YumiGraspResponse.h, /home/ziye01/xhAbb/devel/include/yumi_hw/YumiGraspResponse.h)
