[35m[1mScanning dependencies of target yumi_hw_egm[0m
[  0%] Built target std_msgs_generate_messages_nodejs
[  0%] Built target std_msgs_generate_messages_cpp
[  0%] Built target std_msgs_generate_messages_lisp
[  0%] Built target std_msgs_generate_messages_py
[  0%] Built target std_msgs_generate_messages_eus
[ 18%] Built target yumi_hw
[ 25%] [32mBuilding CXX object CMakeFiles/yumi_hw_egm.dir/src/yumi_hw_egm.cpp.o[0m
[ 37%] Built target yumi_hw_ifce_node
[ 37%] Built target _yumi_hw_generate_messages_check_deps_YumiGrasp
[ 43%] Built target yumi_hw_generate_messages_cpp
[ 56%] Built target yumi_hw_generate_messages_nodejs
[ 62%] Built target yumi_hw_generate_messages_py
[ 81%] Built target yumi_hw_generate_messages_lisp
[ 81%] Built target yumi_hw_generate_messages_eus
[ 81%] Built target yumi_hw_generate_messages
[ 93%] Built target yumi_gripper_node
In file included from [01m[K/home/ziye01/xhAbb/src/yumi_ros/yumi_hw/src/yumi_hw_egm.cpp:33[m[K:
[01m[K/home/ziye01/xhAbb/src/yumi_ros/yumi_hw/include/yumi_hw/yumi_hw_egm.h:43:10:[m[K [01;31m[Kfatal error: [m[Kabb_rws_interface/rws_interface_yumi.h: No such file or directory
 #include [01;31m[K<abb_rws_interface/rws_interface_yumi.h>[m[K
          [01;31m[K^~~~~~~~~~~~~~~~~~~~~~~~~~~~~~~~~~~~~~~~[m[K
compilation terminated.
make[2]: *** [CMakeFiles/yumi_hw_egm.dir/build.make:63: CMakeFiles/yumi_hw_egm.dir/src/yumi_hw_egm.cpp.o] Error 1
make[1]: *** [CMakeFiles/Makefile2:483: CMakeFiles/yumi_hw_egm.dir/all] Error 2
make: *** [Makefile:141: all] Error 2
