Symlinking /home/ziye01/xhAbb/devel/share/gennodejs/ros/yumi_hw/_index.js
Symlinking /home/ziye01/xhAbb/devel/share/gennodejs/ros/yumi_hw/srv/_index.js
Symlinking /home/ziye01/xhAbb/devel/share/gennodejs/ros/yumi_hw/srv/YumiGrasp.js
Symlinking /home/ziye01/xhAbb/devel/share/roseus/ros/yumi_hw/manifest.l
Symlinking /home/ziye01/xhAbb/devel/share/roseus/ros/yumi_hw/srv/YumiGrasp.l
Symlinking /home/ziye01/xhAbb/devel/share/common-lisp/ros/yumi_hw/srv/_package.lisp
Symlinking /home/ziye01/xhAbb/devel/share/common-lisp/ros/yumi_hw/srv/YumiGrasp.lisp
Symlinking /home/ziye01/xhAbb/devel/share/common-lisp/ros/yumi_hw/srv/_package_YumiGrasp.lisp
Symlinking /home/ziye01/xhAbb/devel/share/common-lisp/ros/yumi_hw/srv/yumi_hw-srv.asd
Symlinking /home/ziye01/xhAbb/devel/share/yumi_hw/cmake/yumi_hw-msg-extras.cmake
Symlinking /home/ziye01/xhAbb/devel/share/yumi_hw/cmake/yumi_hwConfig-version.cmake
Symlinking /home/ziye01/xhAbb/devel/share/yumi_hw/cmake/yumi_hwConfig.cmake
Symlinking /home/ziye01/xhAbb/devel/share/yumi_hw/cmake/yumi_hw-msg-paths.cmake
Symlinking /home/ziye01/xhAbb/devel/lib/libyumi_hw.so
Symlinking /home/ziye01/xhAbb/devel/lib/pkgconfig/yumi_hw.pc
Symlinking /home/ziye01/xhAbb/devel/lib/python3/dist-packages/yumi_hw/__init__.py
Symlinking /home/ziye01/xhAbb/devel/lib/python3/dist-packages/yumi_hw/srv/_YumiGrasp.py
Symlinking /home/ziye01/xhAbb/devel/lib/python3/dist-packages/yumi_hw/srv/__init__.py
Symlinking /home/ziye01/xhAbb/devel/lib/yumi_hw/yumi_hw_ifce_node
Symlinking /home/ziye01/xhAbb/devel/lib/yumi_hw/yumi_gripper_node
Symlinking /home/ziye01/xhAbb/devel/include/yumi_hw/YumiGraspRequest.h
Symlinking /home/ziye01/xhAbb/devel/include/yumi_hw/YumiGrasp.h
Symlinking /home/ziye01/xhAbb/devel/include/yumi_hw/YumiGraspResponse.h
