Performing C++ SOURCE FILE Test CMAKE_HAVE_LIBC_PTHREAD failed with the following output:
Change Dir: /home/ziye01/xhAbb/build/abb_robot_cpp_utilities/CMakeFiles/CMakeTmp

Run Build Command(s):/usr/bin/make cmTC_75e0e/fast && /usr/bin/make -f CMakeFiles/cmTC_75e0e.dir/build.make CMakeFiles/cmTC_75e0e.dir/build
make[1]: Entering directory '/home/ziye01/xhAbb/build/abb_robot_cpp_utilities/CMakeFiles/CMakeTmp'
Building CXX object CMakeFiles/cmTC_75e0e.dir/src.cxx.o
/usr/bin/g++    -DCMAKE_HAVE_LIBC_PTHREAD   -o CMakeFiles/cmTC_75e0e.dir/src.cxx.o -c /home/ziye01/xhAbb/build/abb_robot_cpp_utilities/CMakeFiles/CMakeTmp/src.cxx
Linking CXX executable cmTC_75e0e
/usr/bin/cmake -E cmake_link_script CMakeFiles/cmTC_75e0e.dir/link.txt --verbose=1
/usr/bin/g++   -DCMAKE_HAVE_LIBC_PTHREAD    CMakeFiles/cmTC_75e0e.dir/src.cxx.o  -o cmTC_75e0e 
/usr/bin/ld: CMakeFiles/cmTC_75e0e.dir/src.cxx.o: in function `main':
src.cxx:(.text+0x46): undefined reference to `pthread_create'
/usr/bin/ld: src.cxx:(.text+0x52): undefined reference to `pthread_detach'
/usr/bin/ld: src.cxx:(.text+0x63): undefined reference to `pthread_join'
collect2: error: ld returned 1 exit status
make[1]: *** [CMakeFiles/cmTC_75e0e.dir/build.make:87: cmTC_75e0e] Error 1
make[1]: Leaving directory '/home/ziye01/xhAbb/build/abb_robot_cpp_utilities/CMakeFiles/CMakeTmp'
make: *** [Makefile:121: cmTC_75e0e/fast] Error 2


Source file was:
#include <pthread.h>

void* test_func(void* data)
{
  return data;
}

int main(void)
{
  pthread_t thread;
  pthread_create(&thread, NULL, test_func, NULL);
  pthread_detach(thread);
  pthread_join(thread, NULL);
  pthread_atfork(NULL, NULL, NULL);
  pthread_exit(NULL);

  return 0;
}

Determining if the function pthread_create exists in the pthreads failed with the following output:
Change Dir: /home/ziye01/xhAbb/build/abb_robot_cpp_utilities/CMakeFiles/CMakeTmp

Run Build Command(s):/usr/bin/make cmTC_af22e/fast && /usr/bin/make -f CMakeFiles/cmTC_af22e.dir/build.make CMakeFiles/cmTC_af22e.dir/build
make[1]: Entering directory '/home/ziye01/xhAbb/build/abb_robot_cpp_utilities/CMakeFiles/CMakeTmp'
Building CXX object CMakeFiles/cmTC_af22e.dir/CheckFunctionExists.cxx.o
/usr/bin/g++    -DCHECK_FUNCTION_EXISTS=pthread_create   -o CMakeFiles/cmTC_af22e.dir/CheckFunctionExists.cxx.o -c /home/ziye01/xhAbb/build/abb_robot_cpp_utilities/CMakeFiles/CheckLibraryExists/CheckFunctionExists.cxx
Linking CXX executable cmTC_af22e
/usr/bin/cmake -E cmake_link_script CMakeFiles/cmTC_af22e.dir/link.txt --verbose=1
/usr/bin/g++   -DCHECK_FUNCTION_EXISTS=pthread_create    CMakeFiles/cmTC_af22e.dir/CheckFunctionExists.cxx.o  -o cmTC_af22e  -lpthreads 
/usr/bin/ld: cannot find -lpthreads
collect2: error: ld returned 1 exit status
make[1]: *** [CMakeFiles/cmTC_af22e.dir/build.make:87: cmTC_af22e] Error 1
make[1]: Leaving directory '/home/ziye01/xhAbb/build/abb_robot_cpp_utilities/CMakeFiles/CMakeTmp'
make: *** [Makefile:121: cmTC_af22e/fast] Error 2



